2022-04-18 17:56:30,204 [Worker-5: Loading available Gradle versions] INFO  o.e.b.c.i.u.g.PublishedGradleVersions - Gradle version information cache is out-of-date. Trying to update.
2022-04-18 17:58:10,616 [Worker-12: Creating maven-archetype-quickstart] INFO  o.e.m.c.i.p.ProjectConfigurationManager - Collecting project info '/pom.xml' D:\mahesh\SetUps\Eclipse_2021_09\Task1\AspireApp\pom.xml
2022-04-18 17:58:19,017 [Worker-12: Creating maven-archetype-quickstart] INFO  o.e.m.c.i.l.LifecycleMappingFactory - Using org.eclipse.m2e.jdt.JarLifecycleMapping lifecycle mapping for MavenProject: AspireApp:AspireApp:0.0.1-SNAPSHOT @ D:\mahesh\SetUps\Eclipse_2021_09\Task1\AspireApp\pom.xml.
2022-04-18 17:58:21,891 [Worker-12: Creating maven-archetype-quickstart] INFO  o.e.m.j.i.AbstractJavaProjectConfigurator - Adding source folder /AspireApp/src/main/java
2022-04-18 17:58:21,924 [Worker-12: Creating maven-archetype-quickstart] INFO  o.e.m.j.i.AbstractJavaProjectConfigurator - Adding source folder /AspireApp/src/test/java
2022-04-18 17:58:22,535 [Worker-12: Creating maven-archetype-quickstart] INFO  o.e.m.c.i.p.ProjectConfigurationManager - Imported and configured 1 project(s) in 11 sec
2022-04-18 17:58:25,984 [Worker-3: Building] INFO  o.e.m.c.i.embedder.EclipseLogger - Using 'UTF-8' encoding to copy filtered resources.
2022-04-18 17:58:25,985 [Worker-3: Building] INFO  o.e.m.c.i.embedder.EclipseLogger - skip non existing resourceDirectory D:\mahesh\SetUps\Eclipse_2021_09\Task1\AspireApp\src\main\resources
2022-04-18 17:58:25,989 [Worker-3: Building] INFO  o.e.m.c.i.embedder.EclipseLogger - Using 'UTF-8' encoding to copy filtered resources.
2022-04-18 17:58:25,989 [Worker-3: Building] INFO  o.e.m.c.i.embedder.EclipseLogger - skip non existing resourceDirectory D:\mahesh\SetUps\Eclipse_2021_09\Task1\AspireApp\src\test\resources
2022-04-18 17:58:54,095 [Worker-0: Building] INFO  o.e.m.c.i.embedder.EclipseLogger - Using 'UTF-8' encoding to copy filtered resources.
2022-04-18 17:58:54,099 [Worker-0: Building] INFO  o.e.m.c.i.embedder.EclipseLogger - skip non existing resourceDirectory D:\mahesh\SetUps\Eclipse_2021_09\Task1\AspireApp\src\main\resources
2022-04-18 17:58:54,103 [Worker-0: Building] INFO  o.e.m.c.i.embedder.EclipseLogger - Using 'UTF-8' encoding to copy filtered resources.
2022-04-18 17:58:54,103 [Worker-0: Building] INFO  o.e.m.c.i.embedder.EclipseLogger - skip non existing resourceDirectory D:\mahesh\SetUps\Eclipse_2021_09\Task1\AspireApp\src\test\resources
2022-04-18 17:59:05,388 [Worker-5: Building] INFO  o.e.m.c.i.embedder.EclipseLogger - Using 'UTF-8' encoding to copy filtered resources.
2022-04-18 17:59:05,388 [Worker-5: Building] INFO  o.e.m.c.i.embedder.EclipseLogger - skip non existing resourceDirectory D:\mahesh\SetUps\Eclipse_2021_09\Task1\AspireApp\src\main\resources
2022-04-18 17:59:05,393 [Worker-5: Building] INFO  o.e.m.c.i.embedder.EclipseLogger - Using 'UTF-8' encoding to copy filtered resources.
2022-04-18 17:59:05,393 [Worker-5: Building] INFO  o.e.m.c.i.embedder.EclipseLogger - skip non existing resourceDirectory D:\mahesh\SetUps\Eclipse_2021_09\Task1\AspireApp\src\test\resources
2022-04-18 17:59:06,459 [Worker-12: Building] INFO  o.e.m.c.i.embedder.EclipseLogger - Using 'UTF-8' encoding to copy filtered resources.
2022-04-18 17:59:06,460 [Worker-12: Building] INFO  o.e.m.c.i.embedder.EclipseLogger - skip non existing resourceDirectory D:\mahesh\SetUps\Eclipse_2021_09\Task1\AspireApp\src\main\resources
2022-04-18 17:59:06,462 [Worker-12: Building] INFO  o.e.m.c.i.embedder.EclipseLogger - Using 'UTF-8' encoding to copy filtered resources.
2022-04-18 17:59:06,462 [Worker-12: Building] INFO  o.e.m.c.i.embedder.EclipseLogger - skip non existing resourceDirectory D:\mahesh\SetUps\Eclipse_2021_09\Task1\AspireApp\src\test\resources
2022-04-18 17:59:39,165 [Worker-0: Building] INFO  o.e.m.c.i.embedder.EclipseLogger - Using 'UTF-8' encoding to copy filtered resources.
2022-04-18 17:59:39,165 [Worker-0: Building] INFO  o.e.m.c.i.embedder.EclipseLogger - skip non existing resourceDirectory D:\mahesh\SetUps\Eclipse_2021_09\Task1\AspireApp\src\main\resources
2022-04-18 17:59:39,168 [Worker-0: Building] INFO  o.e.m.c.i.embedder.EclipseLogger - Using 'UTF-8' encoding to copy filtered resources.
2022-04-18 17:59:39,168 [Worker-0: Building] INFO  o.e.m.c.i.embedder.EclipseLogger - skip non existing resourceDirectory D:\mahesh\SetUps\Eclipse_2021_09\Task1\AspireApp\src\test\resources
2022-04-18 18:00:05,095 [Worker-7: Building] INFO  o.e.m.c.i.embedder.EclipseLogger - Using 'UTF-8' encoding to copy filtered resources.
2022-04-18 18:00:05,096 [Worker-7: Building] INFO  o.e.m.c.i.embedder.EclipseLogger - skip non existing resourceDirectory D:\mahesh\SetUps\Eclipse_2021_09\Task1\AspireApp\src\main\resources
2022-04-18 18:00:05,099 [Worker-7: Building] INFO  o.e.m.c.i.embedder.EclipseLogger - Using 'UTF-8' encoding to copy filtered resources.
2022-04-18 18:00:05,099 [Worker-7: Building] INFO  o.e.m.c.i.embedder.EclipseLogger - skip non existing resourceDirectory D:\mahesh\SetUps\Eclipse_2021_09\Task1\AspireApp\src\test\resources
2022-04-18 18:03:09,295 [Worker-0: Building] INFO  o.e.m.c.i.l.LifecycleMappingFactory - Using org.eclipse.m2e.jdt.JarLifecycleMapping lifecycle mapping for MavenProject: AspireApp:AspireApp:0.0.1-SNAPSHOT @ D:\mahesh\SetUps\Eclipse_2021_09\Task1\AspireApp\pom.xml.
2022-04-18 18:03:11,660 [Worker-0: Building] INFO  o.e.m.c.i.embedder.EclipseLogger - Using 'UTF-8' encoding to copy filtered resources.
2022-04-18 18:03:11,661 [Worker-0: Building] INFO  o.e.m.c.i.embedder.EclipseLogger - skip non existing resourceDirectory D:\mahesh\SetUps\Eclipse_2021_09\Task1\AspireApp\src\main\resources
2022-04-18 18:03:11,664 [Worker-0: Building] INFO  o.e.m.c.i.embedder.EclipseLogger - Using 'UTF-8' encoding to copy filtered resources.
2022-04-18 18:03:11,665 [Worker-0: Building] INFO  o.e.m.c.i.embedder.EclipseLogger - skip non existing resourceDirectory D:\mahesh\SetUps\Eclipse_2021_09\Task1\AspireApp\src\test\resources
2022-04-18 18:03:16,170 [Worker-14: Building] INFO  o.e.m.c.i.embedder.EclipseLogger - Using 'UTF-8' encoding to copy filtered resources.
2022-04-18 18:03:16,170 [Worker-14: Building] INFO  o.e.m.c.i.embedder.EclipseLogger - skip non existing resourceDirectory D:\mahesh\SetUps\Eclipse_2021_09\Task1\AspireApp\src\main\resources
2022-04-18 18:03:16,174 [Worker-14: Building] INFO  o.e.m.c.i.embedder.EclipseLogger - Using 'UTF-8' encoding to copy filtered resources.
2022-04-18 18:03:16,174 [Worker-14: Building] INFO  o.e.m.c.i.embedder.EclipseLogger - skip non existing resourceDirectory D:\mahesh\SetUps\Eclipse_2021_09\Task1\AspireApp\src\test\resources
2022-04-18 18:10:17,524 [Worker-16: Building] INFO  o.e.m.c.i.embedder.EclipseLogger - Using 'UTF-8' encoding to copy filtered resources.
2022-04-18 18:10:17,525 [Worker-16: Building] INFO  o.e.m.c.i.embedder.EclipseLogger - skip non existing resourceDirectory D:\mahesh\SetUps\Eclipse_2021_09\Task1\AspireApp\src\main\resources
2022-04-18 18:10:17,527 [Worker-16: Building] INFO  o.e.m.c.i.embedder.EclipseLogger - Using 'UTF-8' encoding to copy filtered resources.
2022-04-18 18:10:17,527 [Worker-16: Building] INFO  o.e.m.c.i.embedder.EclipseLogger - skip non existing resourceDirectory D:\mahesh\SetUps\Eclipse_2021_09\Task1\AspireApp\src\test\resources
2022-04-18 18:10:37,728 [Worker-15: Building] INFO  o.e.m.c.i.embedder.EclipseLogger - Using 'UTF-8' encoding to copy filtered resources.
2022-04-18 18:10:37,750 [Worker-15: Building] INFO  o.e.m.c.i.embedder.EclipseLogger - skip non existing resourceDirectory D:\mahesh\SetUps\Eclipse_2021_09\Task1\AspireApp\src\main\resources
2022-04-18 18:10:37,752 [Worker-15: Building] INFO  o.e.m.c.i.embedder.EclipseLogger - Using 'UTF-8' encoding to copy filtered resources.
2022-04-18 18:10:37,753 [Worker-15: Building] INFO  o.e.m.c.i.embedder.EclipseLogger - skip non existing resourceDirectory D:\mahesh\SetUps\Eclipse_2021_09\Task1\AspireApp\src\test\resources
2022-04-18 18:13:42,259 [Worker-18: Building] INFO  o.e.m.c.i.embedder.EclipseLogger - Using 'UTF-8' encoding to copy filtered resources.
2022-04-18 18:13:42,260 [Worker-18: Building] INFO  o.e.m.c.i.embedder.EclipseLogger - skip non existing resourceDirectory D:\mahesh\SetUps\Eclipse_2021_09\Task1\AspireApp\src\main\resources
2022-04-18 18:13:42,262 [Worker-18: Building] INFO  o.e.m.c.i.embedder.EclipseLogger - Using 'UTF-8' encoding to copy filtered resources.
2022-04-18 18:13:42,263 [Worker-18: Building] INFO  o.e.m.c.i.embedder.EclipseLogger - skip non existing resourceDirectory D:\mahesh\SetUps\Eclipse_2021_09\Task1\AspireApp\src\test\resources
2022-04-18 18:14:03,221 [Worker-9: Launching TestBase] INFO  o.e.m.c.i.embedder.EclipseLogger - Using 'UTF-8' encoding to copy filtered resources.
2022-04-18 18:14:03,222 [Worker-9: Launching TestBase] INFO  o.e.m.c.i.embedder.EclipseLogger - skip non existing resourceDirectory D:\mahesh\SetUps\Eclipse_2021_09\Task1\AspireApp\src\main\resources
2022-04-18 18:14:03,225 [Worker-9: Launching TestBase] INFO  o.e.m.c.i.embedder.EclipseLogger - Using 'UTF-8' encoding to copy filtered resources.
2022-04-18 18:14:03,226 [Worker-9: Launching TestBase] INFO  o.e.m.c.i.embedder.EclipseLogger - skip non existing resourceDirectory D:\mahesh\SetUps\Eclipse_2021_09\Task1\AspireApp\src\test\resources
2022-04-18 18:20:49,244 [Worker-3: Launching TestBase] INFO  o.e.m.c.i.embedder.EclipseLogger - Using 'UTF-8' encoding to copy filtered resources.
2022-04-18 18:20:49,244 [Worker-3: Launching TestBase] INFO  o.e.m.c.i.embedder.EclipseLogger - skip non existing resourceDirectory D:\mahesh\SetUps\Eclipse_2021_09\Task1\AspireApp\src\main\resources
2022-04-18 18:20:49,246 [Worker-3: Launching TestBase] INFO  o.e.m.c.i.embedder.EclipseLogger - Using 'UTF-8' encoding to copy filtered resources.
2022-04-18 18:20:49,246 [Worker-3: Launching TestBase] INFO  o.e.m.c.i.embedder.EclipseLogger - skip non existing resourceDirectory D:\mahesh\SetUps\Eclipse_2021_09\Task1\AspireApp\src\test\resources
2022-04-18 18:23:05,074 [Worker-3: Building] INFO  o.e.m.c.i.embedder.EclipseLogger - Using 'UTF-8' encoding to copy filtered resources.
2022-04-18 18:23:05,075 [Worker-3: Building] INFO  o.e.m.c.i.embedder.EclipseLogger - skip non existing resourceDirectory D:\mahesh\SetUps\Eclipse_2021_09\Task1\AspireApp\src\main\resources
2022-04-18 18:23:05,083 [Worker-3: Building] INFO  o.e.m.c.i.embedder.EclipseLogger - Using 'UTF-8' encoding to copy filtered resources.
2022-04-18 18:23:05,083 [Worker-3: Building] INFO  o.e.m.c.i.embedder.EclipseLogger - skip non existing resourceDirectory D:\mahesh\SetUps\Eclipse_2021_09\Task1\AspireApp\src\test\resources
2022-04-18 18:23:56,751 [Worker-9: Building] INFO  o.e.m.c.i.embedder.EclipseLogger - Using 'UTF-8' encoding to copy filtered resources.
2022-04-18 18:23:56,751 [Worker-9: Building] INFO  o.e.m.c.i.embedder.EclipseLogger - skip non existing resourceDirectory D:\mahesh\SetUps\Eclipse_2021_09\Task1\AspireApp\src\main\resources
2022-04-18 18:23:56,752 [Worker-9: Building] INFO  o.e.m.c.i.embedder.EclipseLogger - Using 'UTF-8' encoding to copy filtered resources.
2022-04-18 18:23:56,753 [Worker-9: Building] INFO  o.e.m.c.i.embedder.EclipseLogger - skip non existing resourceDirectory D:\mahesh\SetUps\Eclipse_2021_09\Task1\AspireApp\src\test\resources
2022-04-18 18:26:18,239 [Worker-9: Building] INFO  o.e.m.c.i.embedder.EclipseLogger - Using 'UTF-8' encoding to copy filtered resources.
2022-04-18 18:26:18,239 [Worker-9: Building] INFO  o.e.m.c.i.embedder.EclipseLogger - skip non existing resourceDirectory D:\mahesh\SetUps\Eclipse_2021_09\Task1\AspireApp\src\main\resources
2022-04-18 18:26:18,243 [Worker-9: Building] INFO  o.e.m.c.i.embedder.EclipseLogger - Using 'UTF-8' encoding to copy filtered resources.
2022-04-18 18:26:18,244 [Worker-9: Building] INFO  o.e.m.c.i.embedder.EclipseLogger - skip non existing resourceDirectory D:\mahesh\SetUps\Eclipse_2021_09\Task1\AspireApp\src\test\resources
2022-04-18 18:27:25,325 [Worker-18: Building] INFO  o.e.m.c.i.embedder.EclipseLogger - Using 'UTF-8' encoding to copy filtered resources.
2022-04-18 18:27:25,326 [Worker-18: Building] INFO  o.e.m.c.i.embedder.EclipseLogger - skip non existing resourceDirectory D:\mahesh\SetUps\Eclipse_2021_09\Task1\AspireApp\src\main\resources
2022-04-18 18:27:25,327 [Worker-18: Building] INFO  o.e.m.c.i.embedder.EclipseLogger - Using 'UTF-8' encoding to copy filtered resources.
2022-04-18 18:27:25,328 [Worker-18: Building] INFO  o.e.m.c.i.embedder.EclipseLogger - skip non existing resourceDirectory D:\mahesh\SetUps\Eclipse_2021_09\Task1\AspireApp\src\test\resources
2022-04-18 18:32:28,323 [Worker-18: Building] INFO  o.e.m.c.i.embedder.EclipseLogger - Using 'UTF-8' encoding to copy filtered resources.
2022-04-18 18:32:28,323 [Worker-18: Building] INFO  o.e.m.c.i.embedder.EclipseLogger - skip non existing resourceDirectory D:\mahesh\SetUps\Eclipse_2021_09\Task1\AspireApp\src\main\resources
2022-04-18 18:32:28,324 [Worker-18: Building] INFO  o.e.m.c.i.embedder.EclipseLogger - Using 'UTF-8' encoding to copy filtered resources.
2022-04-18 18:32:28,324 [Worker-18: Building] INFO  o.e.m.c.i.embedder.EclipseLogger - skip non existing resourceDirectory D:\mahesh\SetUps\Eclipse_2021_09\Task1\AspireApp\src\test\resources
2022-04-18 18:32:41,985 [Worker-18: Building] INFO  o.e.m.c.i.embedder.EclipseLogger - Using 'UTF-8' encoding to copy filtered resources.
2022-04-18 18:32:41,986 [Worker-18: Building] INFO  o.e.m.c.i.embedder.EclipseLogger - skip non existing resourceDirectory D:\mahesh\SetUps\Eclipse_2021_09\Task1\AspireApp\src\main\resources
2022-04-18 18:32:41,988 [Worker-18: Building] INFO  o.e.m.c.i.embedder.EclipseLogger - Using 'UTF-8' encoding to copy filtered resources.
2022-04-18 18:32:41,989 [Worker-18: Building] INFO  o.e.m.c.i.embedder.EclipseLogger - skip non existing resourceDirectory D:\mahesh\SetUps\Eclipse_2021_09\Task1\AspireApp\src\test\resources
2022-04-18 18:34:17,685 [Worker-18: Building] INFO  o.e.m.c.i.embedder.EclipseLogger - Using 'UTF-8' encoding to copy filtered resources.
2022-04-18 18:34:17,685 [Worker-18: Building] INFO  o.e.m.c.i.embedder.EclipseLogger - skip non existing resourceDirectory D:\mahesh\SetUps\Eclipse_2021_09\Task1\AspireApp\src\main\resources
2022-04-18 18:34:17,687 [Worker-18: Building] INFO  o.e.m.c.i.embedder.EclipseLogger - Using 'UTF-8' encoding to copy filtered resources.
2022-04-18 18:34:17,687 [Worker-18: Building] INFO  o.e.m.c.i.embedder.EclipseLogger - skip non existing resourceDirectory D:\mahesh\SetUps\Eclipse_2021_09\Task1\AspireApp\src\test\resources
2022-04-18 18:36:05,097 [Worker-21: Launching AspireTest1] INFO  o.e.m.c.i.embedder.EclipseLogger - Using 'UTF-8' encoding to copy filtered resources.
2022-04-18 18:36:05,097 [Worker-21: Launching AspireTest1] INFO  o.e.m.c.i.embedder.EclipseLogger - skip non existing resourceDirectory D:\mahesh\SetUps\Eclipse_2021_09\Task1\AspireApp\src\main\resources
2022-04-18 18:36:05,100 [Worker-21: Launching AspireTest1] INFO  o.e.m.c.i.embedder.EclipseLogger - Using 'UTF-8' encoding to copy filtered resources.
2022-04-18 18:36:05,100 [Worker-21: Launching AspireTest1] INFO  o.e.m.c.i.embedder.EclipseLogger - skip non existing resourceDirectory D:\mahesh\SetUps\Eclipse_2021_09\Task1\AspireApp\src\test\resources
2022-04-18 18:37:52,731 [Worker-24: Building] INFO  o.e.m.c.i.embedder.EclipseLogger - Using 'UTF-8' encoding to copy filtered resources.
2022-04-18 18:37:52,731 [Worker-24: Building] INFO  o.e.m.c.i.embedder.EclipseLogger - skip non existing resourceDirectory D:\mahesh\SetUps\Eclipse_2021_09\Task1\AspireApp\src\main\resources
2022-04-18 18:37:52,734 [Worker-24: Building] INFO  o.e.m.c.i.embedder.EclipseLogger - Using 'UTF-8' encoding to copy filtered resources.
2022-04-18 18:37:52,735 [Worker-24: Building] INFO  o.e.m.c.i.embedder.EclipseLogger - skip non existing resourceDirectory D:\mahesh\SetUps\Eclipse_2021_09\Task1\AspireApp\src\test\resources
2022-04-18 18:41:10,008 [Worker-21: Launching AspireApp_testng.xml] INFO  o.e.m.c.i.embedder.EclipseLogger - Using 'UTF-8' encoding to copy filtered resources.
2022-04-18 18:41:10,009 [Worker-21: Launching AspireApp_testng.xml] INFO  o.e.m.c.i.embedder.EclipseLogger - skip non existing resourceDirectory D:\mahesh\SetUps\Eclipse_2021_09\Task1\AspireApp\src\main\resources
2022-04-18 18:41:10,011 [Worker-21: Launching AspireApp_testng.xml] INFO  o.e.m.c.i.embedder.EclipseLogger - Using 'UTF-8' encoding to copy filtered resources.
2022-04-18 18:41:10,011 [Worker-21: Launching AspireApp_testng.xml] INFO  o.e.m.c.i.embedder.EclipseLogger - skip non existing resourceDirectory D:\mahesh\SetUps\Eclipse_2021_09\Task1\AspireApp\src\test\resources
2022-04-18 18:43:52,907 [Worker-18: Building] INFO  o.e.m.c.i.embedder.EclipseLogger - Using 'UTF-8' encoding to copy filtered resources.
2022-04-18 18:43:52,907 [Worker-18: Building] INFO  o.e.m.c.i.embedder.EclipseLogger - skip non existing resourceDirectory D:\mahesh\SetUps\Eclipse_2021_09\Task1\AspireApp\src\main\resources
2022-04-18 18:43:52,909 [Worker-18: Building] INFO  o.e.m.c.i.embedder.EclipseLogger - Using 'UTF-8' encoding to copy filtered resources.
2022-04-18 18:43:52,910 [Worker-18: Building] INFO  o.e.m.c.i.embedder.EclipseLogger - skip non existing resourceDirectory D:\mahesh\SetUps\Eclipse_2021_09\Task1\AspireApp\src\test\resources
2022-04-18 18:45:13,258 [Worker-24: Launching AspireApp_testng.xml] INFO  o.e.m.c.i.embedder.EclipseLogger - Using 'UTF-8' encoding to copy filtered resources.
2022-04-18 18:45:13,260 [Worker-24: Launching AspireApp_testng.xml] INFO  o.e.m.c.i.embedder.EclipseLogger - skip non existing resourceDirectory D:\mahesh\SetUps\Eclipse_2021_09\Task1\AspireApp\src\main\resources
2022-04-18 18:45:13,269 [Worker-24: Launching AspireApp_testng.xml] INFO  o.e.m.c.i.embedder.EclipseLogger - Using 'UTF-8' encoding to copy filtered resources.
2022-04-18 18:45:13,269 [Worker-24: Launching AspireApp_testng.xml] INFO  o.e.m.c.i.embedder.EclipseLogger - skip non existing resourceDirectory D:\mahesh\SetUps\Eclipse_2021_09\Task1\AspireApp\src\test\resources
2022-04-18 18:47:33,121 [Worker-18: Launching AspireApp_testng.xml] INFO  o.e.m.c.i.embedder.EclipseLogger - Using 'UTF-8' encoding to copy filtered resources.
2022-04-18 18:47:33,121 [Worker-18: Launching AspireApp_testng.xml] INFO  o.e.m.c.i.embedder.EclipseLogger - skip non existing resourceDirectory D:\mahesh\SetUps\Eclipse_2021_09\Task1\AspireApp\src\main\resources
2022-04-18 18:47:33,123 [Worker-18: Launching AspireApp_testng.xml] INFO  o.e.m.c.i.embedder.EclipseLogger - Using 'UTF-8' encoding to copy filtered resources.
2022-04-18 18:47:33,124 [Worker-18: Launching AspireApp_testng.xml] INFO  o.e.m.c.i.embedder.EclipseLogger - skip non existing resourceDirectory D:\mahesh\SetUps\Eclipse_2021_09\Task1\AspireApp\src\test\resources
2022-04-18 18:47:49,564 [Worker-18: Building] INFO  o.e.m.c.i.embedder.EclipseLogger - Using 'UTF-8' encoding to copy filtered resources.
2022-04-18 18:47:49,565 [Worker-18: Building] INFO  o.e.m.c.i.embedder.EclipseLogger - skip non existing resourceDirectory D:\mahesh\SetUps\Eclipse_2021_09\Task1\AspireApp\src\main\resources
2022-04-18 18:47:49,566 [Worker-18: Building] INFO  o.e.m.c.i.embedder.EclipseLogger - Using 'UTF-8' encoding to copy filtered resources.
2022-04-18 18:47:49,567 [Worker-18: Building] INFO  o.e.m.c.i.embedder.EclipseLogger - skip non existing resourceDirectory D:\mahesh\SetUps\Eclipse_2021_09\Task1\AspireApp\src\test\resources
2022-04-18 18:49:53,446 [Worker-22: Building] INFO  o.e.m.c.i.embedder.EclipseLogger - Using 'UTF-8' encoding to copy filtered resources.
2022-04-18 18:49:53,447 [Worker-22: Building] INFO  o.e.m.c.i.embedder.EclipseLogger - skip non existing resourceDirectory D:\mahesh\SetUps\Eclipse_2021_09\Task1\AspireApp\src\main\resources
2022-04-18 18:49:53,449 [Worker-22: Building] INFO  o.e.m.c.i.embedder.EclipseLogger - Using 'UTF-8' encoding to copy filtered resources.
2022-04-18 18:49:53,449 [Worker-22: Building] INFO  o.e.m.c.i.embedder.EclipseLogger - skip non existing resourceDirectory D:\mahesh\SetUps\Eclipse_2021_09\Task1\AspireApp\src\test\resources
2022-04-18 18:51:19,577 [Worker-18: Building] INFO  o.e.m.c.i.embedder.EclipseLogger - Using 'UTF-8' encoding to copy filtered resources.
2022-04-18 18:51:19,577 [Worker-18: Building] INFO  o.e.m.c.i.embedder.EclipseLogger - skip non existing resourceDirectory D:\mahesh\SetUps\Eclipse_2021_09\Task1\AspireApp\src\main\resources
2022-04-18 18:51:19,579 [Worker-18: Building] INFO  o.e.m.c.i.embedder.EclipseLogger - Using 'UTF-8' encoding to copy filtered resources.
2022-04-18 18:51:19,580 [Worker-18: Building] INFO  o.e.m.c.i.embedder.EclipseLogger - skip non existing resourceDirectory D:\mahesh\SetUps\Eclipse_2021_09\Task1\AspireApp\src\test\resources
2022-04-18 18:54:19,704 [Worker-27: Launching AspireApp_testng.xml] INFO  o.e.m.c.i.embedder.EclipseLogger - Using 'UTF-8' encoding to copy filtered resources.
2022-04-18 18:54:19,704 [Worker-27: Launching AspireApp_testng.xml] INFO  o.e.m.c.i.embedder.EclipseLogger - skip non existing resourceDirectory D:\mahesh\SetUps\Eclipse_2021_09\Task1\AspireApp\src\main\resources
2022-04-18 18:54:19,706 [Worker-27: Launching AspireApp_testng.xml] INFO  o.e.m.c.i.embedder.EclipseLogger - Using 'UTF-8' encoding to copy filtered resources.
2022-04-18 18:54:19,707 [Worker-27: Launching AspireApp_testng.xml] INFO  o.e.m.c.i.embedder.EclipseLogger - skip non existing resourceDirectory D:\mahesh\SetUps\Eclipse_2021_09\Task1\AspireApp\src\test\resources
2022-04-18 18:59:27,627 [Worker-23: Launching AspireTest1] INFO  o.e.m.c.i.embedder.EclipseLogger - Using 'UTF-8' encoding to copy filtered resources.
2022-04-18 18:59:27,628 [Worker-23: Launching AspireTest1] INFO  o.e.m.c.i.embedder.EclipseLogger - skip non existing resourceDirectory D:\mahesh\SetUps\Eclipse_2021_09\Task1\AspireApp\src\main\resources
2022-04-18 18:59:27,629 [Worker-23: Launching AspireTest1] INFO  o.e.m.c.i.embedder.EclipseLogger - Using 'UTF-8' encoding to copy filtered resources.
2022-04-18 18:59:27,629 [Worker-23: Launching AspireTest1] INFO  o.e.m.c.i.embedder.EclipseLogger - skip non existing resourceDirectory D:\mahesh\SetUps\Eclipse_2021_09\Task1\AspireApp\src\test\resources
2022-04-18 19:06:10,270 [Worker-31: Building] INFO  o.e.m.c.i.embedder.EclipseLogger - Using 'UTF-8' encoding to copy filtered resources.
2022-04-18 19:06:10,270 [Worker-31: Building] INFO  o.e.m.c.i.embedder.EclipseLogger - skip non existing resourceDirectory D:\mahesh\SetUps\Eclipse_2021_09\Task1\AspireApp\src\main\resources
2022-04-18 19:06:10,272 [Worker-31: Building] INFO  o.e.m.c.i.embedder.EclipseLogger - Using 'UTF-8' encoding to copy filtered resources.
2022-04-18 19:06:10,273 [Worker-31: Building] INFO  o.e.m.c.i.embedder.EclipseLogger - skip non existing resourceDirectory D:\mahesh\SetUps\Eclipse_2021_09\Task1\AspireApp\src\test\resources
2022-04-18 19:13:33,628 [Worker-31: Building] INFO  o.e.m.c.i.embedder.EclipseLogger - Using 'UTF-8' encoding to copy filtered resources.
2022-04-18 19:13:33,629 [Worker-31: Building] INFO  o.e.m.c.i.embedder.EclipseLogger - skip non existing resourceDirectory D:\mahesh\SetUps\Eclipse_2021_09\Task1\AspireApp\src\main\resources
2022-04-18 19:13:33,631 [Worker-31: Building] INFO  o.e.m.c.i.embedder.EclipseLogger - Using 'UTF-8' encoding to copy filtered resources.
2022-04-18 19:13:33,631 [Worker-31: Building] INFO  o.e.m.c.i.embedder.EclipseLogger - skip non existing resourceDirectory D:\mahesh\SetUps\Eclipse_2021_09\Task1\AspireApp\src\test\resources
2022-04-18 19:15:08,263 [Worker-31: Building] INFO  o.e.m.c.i.embedder.EclipseLogger - Using 'UTF-8' encoding to copy filtered resources.
2022-04-18 19:15:08,263 [Worker-31: Building] INFO  o.e.m.c.i.embedder.EclipseLogger - skip non existing resourceDirectory D:\mahesh\SetUps\Eclipse_2021_09\Task1\AspireApp\src\main\resources
2022-04-18 19:15:08,345 [Worker-31: Building] INFO  o.e.m.c.i.embedder.EclipseLogger - Using 'UTF-8' encoding to copy filtered resources.
2022-04-18 19:15:08,345 [Worker-31: Building] INFO  o.e.m.c.i.embedder.EclipseLogger - skip non existing resourceDirectory D:\mahesh\SetUps\Eclipse_2021_09\Task1\AspireApp\src\test\resources
